<?xml version="1.0" encoding="UTF-8" ?>
<testsuite tests="10" failures="10" name="TestSuite" time="79.956" errors="0" skipped="0">
  <properties>
    <property name="java.runtime.name" value="Java(TM) SE Runtime Environment"/>
    <property name="sun.boot.library.path" value="/Library/Java/JavaVirtualMachines/jdk1.8.0_60.jdk/Contents/Home/jre/lib"/>
    <property name="java.vm.version" value="25.60-b23"/>
    <property name="gopherProxySet" value="false"/>
    <property name="java.vm.vendor" value="Oracle Corporation"/>
    <property name="java.vendor.url" value="http://java.oracle.com/"/>
    <property name="path.separator" value=":"/>
    <property name="java.vm.name" value="Java HotSpot(TM) 64-Bit Server VM"/>
    <property name="file.encoding.pkg" value="sun.io"/>
    <property name="user.country" value="US"/>
    <property name="sun.java.launcher" value="SUN_STANDARD"/>
    <property name="sun.os.patch.level" value="unknown"/>
    <property name="java.vm.specification.name" value="Java Virtual Machine Specification"/>
    <property name="user.dir" value="/Users/vishal.pathania/Documents/ANDROID_ARMS"/>
    <property name="java.runtime.version" value="1.8.0_60-b27"/>
    <property name="java.awt.graphicsenv" value="sun.awt.CGraphicsEnvironment"/>
    <property name="basedir" value="/Users/vishal.pathania/Documents/ANDROID_ARMS"/>
    <property name="java.endorsed.dirs" value="/Library/Java/JavaVirtualMachines/jdk1.8.0_60.jdk/Contents/Home/jre/lib/endorsed"/>
    <property name="os.arch" value="x86_64"/>
    <property name="surefire.real.class.path" value="/var/folders/q4/5r56k4yx4k7039q_mznks3mrwhq0mt/T/surefirebooter3597487347258767902.jar:/Users/vishal.pathania/.m2/repository/org/aspectj/aspectjweaver/1.8.5/aspectjweaver-1.8.5.jar"/>
    <property name="java.io.tmpdir" value="/var/folders/q4/5r56k4yx4k7039q_mznks3mrwhq0mt/T/"/>
    <property name="line.separator" value="
"/>
    <property name="java.vm.specification.vendor" value="Oracle Corporation"/>
    <property name="https.proxyHost" value="127.0.0.1"/>
    <property name="os.name" value="Mac OS X"/>
    <property name="sun.jnu.encoding" value="UTF-8"/>
    <property name="java.library.path" value="/Users/vishal.pathania/Library/Java/Extensions:/Library/Java/Extensions:/Network/Library/Java/Extensions:/System/Library/Java/Extensions:/usr/lib/java:."/>
    <property name="http.proxyPort" value="8888"/>
    <property name="surefire.test.class.path" value="/Users/vishal.pathania/Documents/ANDROID_ARMS/target/test-classes:/Users/vishal.pathania/Documents/ANDROID_ARMS/target/classes:/Users/vishal.pathania/.m2/repository/junit/junit/3.8.1/junit-3.8.1.jar:/Users/vishal.pathania/.m2/repository/org/testng/testng/6.9.4/testng-6.9.4.jar:/Users/vishal.pathania/.m2/repository/org/beanshell/bsh/2.0b4/bsh-2.0b4.jar:/Users/vishal.pathania/.m2/repository/com/beust/jcommander/1.48/jcommander-1.48.jar:/Users/vishal.pathania/.m2/repository/org/seleniumhq/selenium/selenium-server/2.51.0/selenium-server-2.51.0.jar:/Users/vishal.pathania/.m2/repository/org/bouncycastle/bcprov-jdk15on/1.48/bcprov-jdk15on-1.48.jar:/Users/vishal.pathania/.m2/repository/org/bouncycastle/bcpkix-jdk15on/1.48/bcpkix-jdk15on-1.48.jar:/Users/vishal.pathania/.m2/repository/mx4j/mx4j-tools/3.0.1/mx4j-tools-3.0.1.jar:/Users/vishal.pathania/.m2/repository/org/seleniumhq/selenium/jetty-repacked/9.2.13.v20150730/jetty-repacked-9.2.13.v20150730.jar:/Users/vishal.pathania/.m2/repository/javax/servlet/javax.servlet-api/3.1.0/javax.servlet-api-3.1.0.jar:/Users/vishal.pathania/.m2/repository/org/seleniumhq/selenium/jetty-rc-repacked/5/jetty-rc-repacked-5.jar:/Users/vishal.pathania/.m2/repository/net/jcip/jcip-annotations/1.0/jcip-annotations-1.0.jar:/Users/vishal.pathania/.m2/repository/org/yaml/snakeyaml/1.8/snakeyaml-1.8.jar:/Users/vishal.pathania/.m2/repository/commons-codec/commons-codec/1.10/commons-codec-1.10.jar:/Users/vishal.pathania/.m2/repository/org/seleniumhq/selenium/selenium-java/2.51.0/selenium-java-2.51.0.jar:/Users/vishal.pathania/.m2/repository/org/seleniumhq/selenium/selenium-chrome-driver/2.51.0/selenium-chrome-driver-2.51.0.jar:/Users/vishal.pathania/.m2/repository/org/seleniumhq/selenium/selenium-edge-driver/2.51.0/selenium-edge-driver-2.51.0.jar:/Users/vishal.pathania/.m2/repository/org/seleniumhq/selenium/selenium-htmlunit-driver/2.51.0/selenium-htmlunit-driver-2.51.0.jar:/Users/vishal.pathania/.m2/repository/net/sourceforge/htmlunit/htmlunit/2.18/htmlunit-2.18.jar:/Users/vishal.pathania/.m2/repository/xalan/xalan/2.7.2/xalan-2.7.2.jar:/Users/vishal.pathania/.m2/repository/xalan/serializer/2.7.2/serializer-2.7.2.jar:/Users/vishal.pathania/.m2/repository/org/apache/commons/commons-lang3/3.4/commons-lang3-3.4.jar:/Users/vishal.pathania/.m2/repository/org/apache/httpcomponents/httpmime/4.5/httpmime-4.5.jar:/Users/vishal.pathania/.m2/repository/net/sourceforge/htmlunit/htmlunit-core-js/2.17/htmlunit-core-js-2.17.jar:/Users/vishal.pathania/.m2/repository/xerces/xercesImpl/2.11.0/xercesImpl-2.11.0.jar:/Users/vishal.pathania/.m2/repository/xml-apis/xml-apis/1.4.01/xml-apis-1.4.01.jar:/Users/vishal.pathania/.m2/repository/net/sourceforge/nekohtml/nekohtml/1.9.22/nekohtml-1.9.22.jar:/Users/vishal.pathania/.m2/repository/net/sourceforge/cssparser/cssparser/0.9.16/cssparser-0.9.16.jar:/Users/vishal.pathania/.m2/repository/org/w3c/css/sac/1.3/sac-1.3.jar:/Users/vishal.pathania/.m2/repository/org/eclipse/jetty/websocket/websocket-client/9.2.12.v20150709/websocket-client-9.2.12.v20150709.jar:/Users/vishal.pathania/.m2/repository/org/eclipse/jetty/jetty-util/9.2.12.v20150709/jetty-util-9.2.12.v20150709.jar:/Users/vishal.pathania/.m2/repository/org/eclipse/jetty/jetty-io/9.2.12.v20150709/jetty-io-9.2.12.v20150709.jar:/Users/vishal.pathania/.m2/repository/org/eclipse/jetty/websocket/websocket-common/9.2.12.v20150709/websocket-common-9.2.12.v20150709.jar:/Users/vishal.pathania/.m2/repository/org/eclipse/jetty/websocket/websocket-api/9.2.12.v20150709/websocket-api-9.2.12.v20150709.jar:/Users/vishal.pathania/.m2/repository/commons-collections/commons-collections/3.2.2/commons-collections-3.2.2.jar:/Users/vishal.pathania/.m2/repository/org/seleniumhq/selenium/selenium-ie-driver/2.51.0/selenium-ie-driver-2.51.0.jar:/Users/vishal.pathania/.m2/repository/net/java/dev/jna/jna/4.1.0/jna-4.1.0.jar:/Users/vishal.pathania/.m2/repository/net/java/dev/jna/jna-platform/4.1.0/jna-platform-4.1.0.jar:/Users/vishal.pathania/.m2/repository/org/seleniumhq/selenium/selenium-safari-driver/2.51.0/selenium-safari-driver-2.51.0.jar:/Users/vishal.pathania/.m2/repository/org/seleniumhq/selenium/selenium-support/2.51.0/selenium-support-2.51.0.jar:/Users/vishal.pathania/.m2/repository/org/webbitserver/webbit/0.4.14/webbit-0.4.14.jar:/Users/vishal.pathania/.m2/repository/io/netty/netty/3.5.2.Final/netty-3.5.2.Final.jar:/Users/vishal.pathania/.m2/repository/org/seleniumhq/selenium/selenium-leg-rc/2.51.0/selenium-leg-rc-2.51.0.jar:/Users/vishal.pathania/.m2/repository/org/seleniumhq/selenium/selenium-firefox-driver/2.51.0/selenium-firefox-driver-2.51.0.jar:/Users/vishal.pathania/.m2/repository/org/seleniumhq/selenium/selenium-remote-driver/2.51.0/selenium-remote-driver-2.51.0.jar:/Users/vishal.pathania/.m2/repository/cglib/cglib-nodep/2.1_3/cglib-nodep-2.1_3.jar:/Users/vishal.pathania/.m2/repository/org/seleniumhq/selenium/selenium-api/2.51.0/selenium-api-2.51.0.jar:/Users/vishal.pathania/.m2/repository/commons-io/commons-io/2.4/commons-io-2.4.jar:/Users/vishal.pathania/.m2/repository/org/apache/commons/commons-exec/1.3/commons-exec-1.3.jar:/Users/vishal.pathania/.m2/repository/com/googlecode/json-simple/json-simple/1.1/json-simple-1.1.jar:/Users/vishal.pathania/.m2/repository/org/apache/poi/poi/3.9/poi-3.9.jar:/Users/vishal.pathania/.m2/repository/io/appium/java-client/3.2.0/java-client-3.2.0.jar:/Users/vishal.pathania/.m2/repository/com/google/code/gson/gson/2.2.4/gson-2.2.4.jar:/Users/vishal.pathania/.m2/repository/org/apache/httpcomponents/httpclient/4.3.3/httpclient-4.3.3.jar:/Users/vishal.pathania/.m2/repository/org/apache/httpcomponents/httpcore/4.3.2/httpcore-4.3.2.jar:/Users/vishal.pathania/.m2/repository/commons-logging/commons-logging/1.1.3/commons-logging-1.1.3.jar:/Users/vishal.pathania/.m2/repository/com/google/guava/guava/17.0/guava-17.0.jar:/Users/vishal.pathania/.m2/repository/cglib/cglib/3.1/cglib-3.1.jar:/Users/vishal.pathania/.m2/repository/org/ow2/asm/asm/4.2/asm-4.2.jar:/Users/vishal.pathania/.m2/repository/commons-validator/commons-validator/1.4.1/commons-validator-1.4.1.jar:/Users/vishal.pathania/.m2/repository/commons-beanutils/commons-beanutils/1.8.3/commons-beanutils-1.8.3.jar:/Users/vishal.pathania/.m2/repository/commons-digester/commons-digester/1.8.1/commons-digester-1.8.1.jar:/Users/vishal.pathania/.m2/repository/ru/yandex/qatools/allure/allure-testng-adaptor/1.4.16/allure-testng-adaptor-1.4.16.jar:/Users/vishal.pathania/.m2/repository/ru/yandex/qatools/allure/allure-java-aspects/1.4.16/allure-java-aspects-1.4.16.jar:/Users/vishal.pathania/.m2/repository/ru/yandex/qatools/allure/allure-java-adaptor-api/1.4.16/allure-java-adaptor-api-1.4.16.jar:/Users/vishal.pathania/.m2/repository/ru/yandex/qatools/allure/allure-java-annotations/1.4.16/allure-java-annotations-1.4.16.jar:/Users/vishal.pathania/.m2/repository/ru/yandex/qatools/allure/allure-model/1.4.16/allure-model-1.4.16.jar:/Users/vishal.pathania/.m2/repository/org/jvnet/jaxb2_commons/jaxb2-basics-runtime/0.9.3/jaxb2-basics-runtime-0.9.3.jar:/Users/vishal.pathania/.m2/repository/ru/yandex/qatools/properties/properties-loader/1.5/properties-loader-1.5.jar:/Users/vishal.pathania/.m2/repository/commons-beanutils/commons-beanutils-core/1.8.3/commons-beanutils-core-1.8.3.jar:/Users/vishal.pathania/.m2/repository/org/slf4j/slf4j-api/1.7.12/slf4j-api-1.7.12.jar:/Users/vishal.pathania/.m2/repository/org/apache/tika/tika-core/1.7/tika-core-1.7.jar:/Users/vishal.pathania/.m2/repository/org/aspectj/aspectjrt/1.8.3/aspectjrt-1.8.3.jar:/Users/vishal.pathania/.m2/repository/log4j/log4j/1.2.17/log4j-1.2.17.jar:"/>
    <property name="java.specification.name" value="Java Platform API Specification"/>
    <property name="java.class.version" value="52.0"/>
    <property name="sun.management.compiler" value="HotSpot 64-Bit Tiered Compilers"/>
    <property name="os.version" value="10.12.5"/>
    <property name="user.home" value="/Users/vishal.pathania"/>
    <property name="user.timezone" value="America/Detroit"/>
    <property name="java.awt.printerjob" value="sun.lwawt.macosx.CPrinterJob"/>
    <property name="java.specification.version" value="1.8"/>
    <property name="file.encoding" value="UTF-8"/>
    <property name="user.name" value="vishal.pathania"/>
    <property name="java.class.path" value="/Users/vishal.pathania/Documents/ANDROID_ARMS/target/test-classes:/Users/vishal.pathania/Documents/ANDROID_ARMS/target/classes:/Users/vishal.pathania/.m2/repository/junit/junit/3.8.1/junit-3.8.1.jar:/Users/vishal.pathania/.m2/repository/org/testng/testng/6.9.4/testng-6.9.4.jar:/Users/vishal.pathania/.m2/repository/org/beanshell/bsh/2.0b4/bsh-2.0b4.jar:/Users/vishal.pathania/.m2/repository/com/beust/jcommander/1.48/jcommander-1.48.jar:/Users/vishal.pathania/.m2/repository/org/seleniumhq/selenium/selenium-server/2.51.0/selenium-server-2.51.0.jar:/Users/vishal.pathania/.m2/repository/org/bouncycastle/bcprov-jdk15on/1.48/bcprov-jdk15on-1.48.jar:/Users/vishal.pathania/.m2/repository/org/bouncycastle/bcpkix-jdk15on/1.48/bcpkix-jdk15on-1.48.jar:/Users/vishal.pathania/.m2/repository/mx4j/mx4j-tools/3.0.1/mx4j-tools-3.0.1.jar:/Users/vishal.pathania/.m2/repository/org/seleniumhq/selenium/jetty-repacked/9.2.13.v20150730/jetty-repacked-9.2.13.v20150730.jar:/Users/vishal.pathania/.m2/repository/javax/servlet/javax.servlet-api/3.1.0/javax.servlet-api-3.1.0.jar:/Users/vishal.pathania/.m2/repository/org/seleniumhq/selenium/jetty-rc-repacked/5/jetty-rc-repacked-5.jar:/Users/vishal.pathania/.m2/repository/net/jcip/jcip-annotations/1.0/jcip-annotations-1.0.jar:/Users/vishal.pathania/.m2/repository/org/yaml/snakeyaml/1.8/snakeyaml-1.8.jar:/Users/vishal.pathania/.m2/repository/commons-codec/commons-codec/1.10/commons-codec-1.10.jar:/Users/vishal.pathania/.m2/repository/org/seleniumhq/selenium/selenium-java/2.51.0/selenium-java-2.51.0.jar:/Users/vishal.pathania/.m2/repository/org/seleniumhq/selenium/selenium-chrome-driver/2.51.0/selenium-chrome-driver-2.51.0.jar:/Users/vishal.pathania/.m2/repository/org/seleniumhq/selenium/selenium-edge-driver/2.51.0/selenium-edge-driver-2.51.0.jar:/Users/vishal.pathania/.m2/repository/org/seleniumhq/selenium/selenium-htmlunit-driver/2.51.0/selenium-htmlunit-driver-2.51.0.jar:/Users/vishal.pathania/.m2/repository/net/sourceforge/htmlunit/htmlunit/2.18/htmlunit-2.18.jar:/Users/vishal.pathania/.m2/repository/xalan/xalan/2.7.2/xalan-2.7.2.jar:/Users/vishal.pathania/.m2/repository/xalan/serializer/2.7.2/serializer-2.7.2.jar:/Users/vishal.pathania/.m2/repository/org/apache/commons/commons-lang3/3.4/commons-lang3-3.4.jar:/Users/vishal.pathania/.m2/repository/org/apache/httpcomponents/httpmime/4.5/httpmime-4.5.jar:/Users/vishal.pathania/.m2/repository/net/sourceforge/htmlunit/htmlunit-core-js/2.17/htmlunit-core-js-2.17.jar:/Users/vishal.pathania/.m2/repository/xerces/xercesImpl/2.11.0/xercesImpl-2.11.0.jar:/Users/vishal.pathania/.m2/repository/xml-apis/xml-apis/1.4.01/xml-apis-1.4.01.jar:/Users/vishal.pathania/.m2/repository/net/sourceforge/nekohtml/nekohtml/1.9.22/nekohtml-1.9.22.jar:/Users/vishal.pathania/.m2/repository/net/sourceforge/cssparser/cssparser/0.9.16/cssparser-0.9.16.jar:/Users/vishal.pathania/.m2/repository/org/w3c/css/sac/1.3/sac-1.3.jar:/Users/vishal.pathania/.m2/repository/org/eclipse/jetty/websocket/websocket-client/9.2.12.v20150709/websocket-client-9.2.12.v20150709.jar:/Users/vishal.pathania/.m2/repository/org/eclipse/jetty/jetty-util/9.2.12.v20150709/jetty-util-9.2.12.v20150709.jar:/Users/vishal.pathania/.m2/repository/org/eclipse/jetty/jetty-io/9.2.12.v20150709/jetty-io-9.2.12.v20150709.jar:/Users/vishal.pathania/.m2/repository/org/eclipse/jetty/websocket/websocket-common/9.2.12.v20150709/websocket-common-9.2.12.v20150709.jar:/Users/vishal.pathania/.m2/repository/org/eclipse/jetty/websocket/websocket-api/9.2.12.v20150709/websocket-api-9.2.12.v20150709.jar:/Users/vishal.pathania/.m2/repository/commons-collections/commons-collections/3.2.2/commons-collections-3.2.2.jar:/Users/vishal.pathania/.m2/repository/org/seleniumhq/selenium/selenium-ie-driver/2.51.0/selenium-ie-driver-2.51.0.jar:/Users/vishal.pathania/.m2/repository/net/java/dev/jna/jna/4.1.0/jna-4.1.0.jar:/Users/vishal.pathania/.m2/repository/net/java/dev/jna/jna-platform/4.1.0/jna-platform-4.1.0.jar:/Users/vishal.pathania/.m2/repository/org/seleniumhq/selenium/selenium-safari-driver/2.51.0/selenium-safari-driver-2.51.0.jar:/Users/vishal.pathania/.m2/repository/org/seleniumhq/selenium/selenium-support/2.51.0/selenium-support-2.51.0.jar:/Users/vishal.pathania/.m2/repository/org/webbitserver/webbit/0.4.14/webbit-0.4.14.jar:/Users/vishal.pathania/.m2/repository/io/netty/netty/3.5.2.Final/netty-3.5.2.Final.jar:/Users/vishal.pathania/.m2/repository/org/seleniumhq/selenium/selenium-leg-rc/2.51.0/selenium-leg-rc-2.51.0.jar:/Users/vishal.pathania/.m2/repository/org/seleniumhq/selenium/selenium-firefox-driver/2.51.0/selenium-firefox-driver-2.51.0.jar:/Users/vishal.pathania/.m2/repository/org/seleniumhq/selenium/selenium-remote-driver/2.51.0/selenium-remote-driver-2.51.0.jar:/Users/vishal.pathania/.m2/repository/cglib/cglib-nodep/2.1_3/cglib-nodep-2.1_3.jar:/Users/vishal.pathania/.m2/repository/org/seleniumhq/selenium/selenium-api/2.51.0/selenium-api-2.51.0.jar:/Users/vishal.pathania/.m2/repository/commons-io/commons-io/2.4/commons-io-2.4.jar:/Users/vishal.pathania/.m2/repository/org/apache/commons/commons-exec/1.3/commons-exec-1.3.jar:/Users/vishal.pathania/.m2/repository/com/googlecode/json-simple/json-simple/1.1/json-simple-1.1.jar:/Users/vishal.pathania/.m2/repository/org/apache/poi/poi/3.9/poi-3.9.jar:/Users/vishal.pathania/.m2/repository/io/appium/java-client/3.2.0/java-client-3.2.0.jar:/Users/vishal.pathania/.m2/repository/com/google/code/gson/gson/2.2.4/gson-2.2.4.jar:/Users/vishal.pathania/.m2/repository/org/apache/httpcomponents/httpclient/4.3.3/httpclient-4.3.3.jar:/Users/vishal.pathania/.m2/repository/org/apache/httpcomponents/httpcore/4.3.2/httpcore-4.3.2.jar:/Users/vishal.pathania/.m2/repository/commons-logging/commons-logging/1.1.3/commons-logging-1.1.3.jar:/Users/vishal.pathania/.m2/repository/com/google/guava/guava/17.0/guava-17.0.jar:/Users/vishal.pathania/.m2/repository/cglib/cglib/3.1/cglib-3.1.jar:/Users/vishal.pathania/.m2/repository/org/ow2/asm/asm/4.2/asm-4.2.jar:/Users/vishal.pathania/.m2/repository/commons-validator/commons-validator/1.4.1/commons-validator-1.4.1.jar:/Users/vishal.pathania/.m2/repository/commons-beanutils/commons-beanutils/1.8.3/commons-beanutils-1.8.3.jar:/Users/vishal.pathania/.m2/repository/commons-digester/commons-digester/1.8.1/commons-digester-1.8.1.jar:/Users/vishal.pathania/.m2/repository/ru/yandex/qatools/allure/allure-testng-adaptor/1.4.16/allure-testng-adaptor-1.4.16.jar:/Users/vishal.pathania/.m2/repository/ru/yandex/qatools/allure/allure-java-aspects/1.4.16/allure-java-aspects-1.4.16.jar:/Users/vishal.pathania/.m2/repository/ru/yandex/qatools/allure/allure-java-adaptor-api/1.4.16/allure-java-adaptor-api-1.4.16.jar:/Users/vishal.pathania/.m2/repository/ru/yandex/qatools/allure/allure-java-annotations/1.4.16/allure-java-annotations-1.4.16.jar:/Users/vishal.pathania/.m2/repository/ru/yandex/qatools/allure/allure-model/1.4.16/allure-model-1.4.16.jar:/Users/vishal.pathania/.m2/repository/org/jvnet/jaxb2_commons/jaxb2-basics-runtime/0.9.3/jaxb2-basics-runtime-0.9.3.jar:/Users/vishal.pathania/.m2/repository/ru/yandex/qatools/properties/properties-loader/1.5/properties-loader-1.5.jar:/Users/vishal.pathania/.m2/repository/commons-beanutils/commons-beanutils-core/1.8.3/commons-beanutils-core-1.8.3.jar:/Users/vishal.pathania/.m2/repository/org/slf4j/slf4j-api/1.7.12/slf4j-api-1.7.12.jar:/Users/vishal.pathania/.m2/repository/org/apache/tika/tika-core/1.7/tika-core-1.7.jar:/Users/vishal.pathania/.m2/repository/org/aspectj/aspectjrt/1.8.3/aspectjrt-1.8.3.jar:/Users/vishal.pathania/.m2/repository/log4j/log4j/1.2.17/log4j-1.2.17.jar:"/>
    <property name="java.vm.specification.version" value="1.8"/>
    <property name="sun.arch.data.model" value="64"/>
    <property name="java.home" value="/Library/Java/JavaVirtualMachines/jdk1.8.0_60.jdk/Contents/Home/jre"/>
    <property name="sun.java.command" value="/var/folders/q4/5r56k4yx4k7039q_mznks3mrwhq0mt/T/surefirebooter3597487347258767902.jar /var/folders/q4/5r56k4yx4k7039q_mznks3mrwhq0mt/T/surefire4344710384478395118tmp /var/folders/q4/5r56k4yx4k7039q_mznks3mrwhq0mt/T/surefire8518994049209433311tmp"/>
    <property name="java.specification.vendor" value="Oracle Corporation"/>
    <property name="user.language" value="en"/>
    <property name="awt.toolkit" value="sun.lwawt.macosx.LWCToolkit"/>
    <property name="java.vm.info" value="mixed mode"/>
    <property name="java.version" value="1.8.0_60"/>
    <property name="java.ext.dirs" value="/Users/vishal.pathania/Library/Java/Extensions:/Library/Java/JavaVirtualMachines/jdk1.8.0_60.jdk/Contents/Home/jre/lib/ext:/Library/Java/Extensions:/Network/Library/Java/Extensions:/System/Library/Java/Extensions:/usr/lib/java"/>
    <property name="http.proxyHost" value="127.0.0.1"/>
    <property name="sun.boot.class.path" value="/Library/Java/JavaVirtualMachines/jdk1.8.0_60.jdk/Contents/Home/jre/lib/resources.jar:/Library/Java/JavaVirtualMachines/jdk1.8.0_60.jdk/Contents/Home/jre/lib/rt.jar:/Library/Java/JavaVirtualMachines/jdk1.8.0_60.jdk/Contents/Home/jre/lib/sunrsasign.jar:/Library/Java/JavaVirtualMachines/jdk1.8.0_60.jdk/Contents/Home/jre/lib/jsse.jar:/Library/Java/JavaVirtualMachines/jdk1.8.0_60.jdk/Contents/Home/jre/lib/jce.jar:/Library/Java/JavaVirtualMachines/jdk1.8.0_60.jdk/Contents/Home/jre/lib/charsets.jar:/Library/Java/JavaVirtualMachines/jdk1.8.0_60.jdk/Contents/Home/jre/lib/jfr.jar:/Library/Java/JavaVirtualMachines/jdk1.8.0_60.jdk/Contents/Home/jre/classes"/>
    <property name="java.vendor" value="Oracle Corporation"/>
    <property name="localRepository" value="/Users/vishal.pathania/.m2/repository"/>
    <property name="file.separator" value="/"/>
    <property name="java.vendor.url.bug" value="http://bugreport.sun.com/bugreport/"/>
    <property name="sun.cpu.endian" value="little"/>
    <property name="sun.io.unicode.encoding" value="UnicodeBig"/>
    <property name="https.proxyPort" value="8888"/>
    <property name="sun.cpu.isalist" value=""/>
  </properties>
  <testcase classname="ANDROID_ARMS.ANDROID_ARMS.FeedAdVAlidationonUI" name="Validating_feed1" time="15.543">
    <failure type="java.lang.NullPointerException">java.lang.NullPointerException
	at twc.Automation.HandleWithAppium.AppiumFunctions.selectlocation(AppiumFunctions.java:544)
	at ANDROID_ARMS.ANDROID_ARMS.FeedAdVAlidationonUI.Validating_feed1(FeedAdVAlidationonUI.java:36)
</failure>
    <system-out>================= Before Test Started =========================
Apps text :: Android
platforms text :: Android
Selected Android in the Platforms Dropdown
Flag :: airlock-integration
Flag :: Android dev Ads
Flag :: Android Flagship - QA Storytelling Build
Flag :: Android Flagship Dev
Flag :: Android Flagship For Samsung Dev
Flag :: Android Flagship Universal App
Flag :: Android Samsung Universal App
Flag :: Android Tablet Flagship Dev
Flag :: EP events-feed
Flag :: Lite Mesh Trial
Flag :: samsung dev
Flag :: Storm Radar
Flag :: The Weather Channel (flagship)
Build found
Version of the build is :: Version 7.12.0 (712000774)
Present Build version : 712000774
Old_Build version : 712000774
Checking For Alpha Build
Apps text :: Android
platforms text :: Android
Selected Android in the Platforms Dropdown
Flag :: airlock-integration
Flag :: Android dev Ads
Flag :: Android Flagship - QA Storytelling Build
Flag :: Android Flagship Dev
Build found
Version of the build is :: Version 7.13.0 (713002110)
Present Build version : 713002110
Old_Build version : 713002110
No need to Download the Beta as well as Alpha - Build, because same Build already existed.
App : /Users/vishal.pathania/Documents/ANDROID_ARMS/APKFile/TWC_713002110_googleRelease.apk
Unable To Launch The Appium Capabilities
================= Before Test End =========================
======= Validating feed_1 Ad TestCase Started =======
Unable To Launch The Appium Capabilities
</system-out>
    <system-err>SLF4J: Failed to load class &quot;org.slf4j.impl.StaticLoggerBinder&quot;.
SLF4J: Defaulting to no-operation (NOP) logger implementation
SLF4J: See http://www.slf4j.org/codes.html#StaticLoggerBinder for further details.
log4j:WARN No appenders could be found for logger (org.apache.http.client.protocol.RequestAddCookies).
log4j:WARN Please initialize the log4j system properly.
log4j:WARN See http://logging.apache.org/log4j/1.2/faq.html#noconfig for more info.
&amp;#27;[31merror&amp;#27;[39m: Failed to start an Appium session, err was: Error: Could not find adb. Please set the ANDROID_HOME environment variable with the Android SDK root directory path.
&amp;#27;[31merror&amp;#27;[39m: Failed to start an Appium session, err was: Error: Could not find adb. Please set the ANDROID_HOME environment variable with the Android SDK root directory path.
</system-err>
  </testcase>
  <testcase classname="ANDROID_ARMS.ANDROID_ARMS.FeedAdVAlidationonUI" name="Validating_feed2" time="0.022">
    <failure type="java.lang.NullPointerException">java.lang.NullPointerException
	at twc.Automation.HandleWithApp.AppFunctions.Swipe(AppFunctions.java:810)
	at twc.Automation.HandleWithApp.AppFunctions.SwipeUp_Counter(AppFunctions.java:605)
	at ANDROID_ARMS.ANDROID_ARMS.FeedAdVAlidationonUI.Validating_feed2(FeedAdVAlidationonUI.java:51)
</failure>
    <system-out>====== Validating feed_2 Ad TestCase Started =======
</system-out>
  </testcase>
  <testcase classname="ANDROID_ARMS.ANDROID_ARMS.FeedAdVAlidationonUI" name="Validating_feed3" time="0.001">
    <failure type="java.lang.NullPointerException">java.lang.NullPointerException
	at twc.Automation.HandleWithApp.AppFunctions.Swipe(AppFunctions.java:810)
	at twc.Automation.HandleWithApp.AppFunctions.SwipeUp_Counter(AppFunctions.java:605)
	at ANDROID_ARMS.ANDROID_ARMS.FeedAdVAlidationonUI.Validating_feed3(FeedAdVAlidationonUI.java:64)
</failure>
    <system-out>====== Validating feed_3 Ad TestCase Started =======
</system-out>
  </testcase>
  <testcase classname="ANDROID_ARMS.ANDROID_ARMS.FeedAdVAlidationonUI" name="Validating_feed4" time="0.011">
    <failure type="java.lang.NullPointerException">java.lang.NullPointerException
	at twc.Automation.HandleWithAppium.AppiumFunctions.screenShot_fail(AppiumFunctions.java:571)
	at twc.Automation.HandleWithAppium.AppiumFunctions.Check_feed4_ad(AppiumFunctions.java:419)
	at ANDROID_ARMS.ANDROID_ARMS.FeedAdVAlidationonUI.Validating_feed4(FeedAdVAlidationonUI.java:77)
</failure>
    <system-out>====== Validating feed_4 Ad TestCase Started =======
Checking for feed4 ad
</system-out>
  </testcase>
  <testcase classname="ANDROID_ARMS.ANDROID_ARMS.FeedAdVAlidationonUI" name="Extended_hourly_page_Ad" time="0.001">
    <failure type="java.lang.NullPointerException">java.lang.NullPointerException
	at twc.Automation.HandleWithApp.AppFunctions.Swipe(AppFunctions.java:810)
	at twc.Automation.HandleWithApp.AppFunctions.SwipeUp_Counter_hourly_submodules(AppFunctions.java:617)
	at ANDROID_ARMS.ANDROID_ARMS.FeedAdVAlidationonUI.Extended_hourly_page_Ad(FeedAdVAlidationonUI.java:88)
</failure>
    <system-out>====== Validating Extended Hourly page Ad TestCase Started =======
</system-out>
  </testcase>
  <testcase classname="ANDROID_ARMS.ANDROID_ARMS.FeedAdVAlidationonUI" name="Extended_Daily_page_Ad" time="0.001">
    <failure type="java.lang.NullPointerException">java.lang.NullPointerException
	at twc.Automation.HandleWithApp.AppFunctions.Swipe(AppFunctions.java:810)
	at twc.Automation.HandleWithApp.AppFunctions.SwipeUp_Counter_Daily_submodule(AppFunctions.java:645)
	at ANDROID_ARMS.ANDROID_ARMS.FeedAdVAlidationonUI.Extended_Daily_page_Ad(FeedAdVAlidationonUI.java:98)
</failure>
    <system-out>====== Validating Extended Daily page Ad TestCase Started =======
</system-out>
  </testcase>
  <testcase classname="ANDROID_ARMS.ANDROID_ARMS.FeedAdVAlidationonUI" name="Extended_Maps_Radar_page_Ad" time="0.001">
    <failure type="java.lang.NullPointerException">java.lang.NullPointerException
	at twc.Automation.HandleWithApp.AppFunctions.Swipe(AppFunctions.java:810)
	at twc.Automation.HandleWithApp.AppFunctions.SwipeUp_Counter_Maps_submodule(AppFunctions.java:671)
	at ANDROID_ARMS.ANDROID_ARMS.FeedAdVAlidationonUI.Extended_Maps_Radar_page_Ad(FeedAdVAlidationonUI.java:107)
</failure>
    <system-out>====== Validating Extended Maps&amp;Radar page Ad TestCase Started =======
</system-out>
  </testcase>
  <testcase classname="ANDROID_ARMS.ANDROID_ARMS.FeedAdVAlidationonUI" name="Health_Allergy_page_Ad" time="0.029">
    <failure type="java.lang.NullPointerException">java.lang.NullPointerException
	at com.google.common.base.Preconditions.checkNotNull(Preconditions.java:213)
	at org.openqa.selenium.support.ui.FluentWait.&lt;init&gt;(FluentWait.java:102)
	at org.openqa.selenium.support.ui.WebDriverWait.&lt;init&gt;(WebDriverWait.java:71)
	at org.openqa.selenium.support.ui.WebDriverWait.&lt;init&gt;(WebDriverWait.java:45)
	at twc.Automation.HandleWithApp.AppFunctions.Change_to_Test_Mode(AppFunctions.java:1126)
	at ANDROID_ARMS.ANDROID_ARMS.FeedAdVAlidationonUI.Health_Allergy_page_Ad(FeedAdVAlidationonUI.java:118)
</failure>
    <system-out>====== Validating Extended Health Module Allergy page Ad TestCase Started =======
</system-out>
  </testcase>
  <testcase classname="ANDROID_ARMS.ANDROID_ARMS.FeedAdVAlidationonUI" name="HealthCold_Flu_page_Ad" time="0.019">
    <failure type="java.lang.NullPointerException">java.lang.NullPointerException
	at twc.Automation.HandleWithApp.AppFunctions.Swipe(AppFunctions.java:810)
	at twc.Automation.HandleWithApp.AppFunctions.clickOnModule(AppFunctions.java:226)
	at ANDROID_ARMS.ANDROID_ARMS.FeedAdVAlidationonUI.HealthCold_Flu_page_Ad(FeedAdVAlidationonUI.java:136)
</failure>
    <system-out>====== Validating Extended Health Module Cold &amp; Flu page Ad TestCase Started =======
Searching for Cold &amp; Flu module
</system-out>
    <system-err>java.lang.NullPointerException
	at twc.Automation.HandleWithApp.AppFunctions.clickOnModule(AppFunctions.java:221)
	at ANDROID_ARMS.ANDROID_ARMS.FeedAdVAlidationonUI.HealthCold_Flu_page_Ad(FeedAdVAlidationonUI.java:136)
	at sun.reflect.NativeMethodAccessorImpl.invoke0(Native Method)
	at sun.reflect.NativeMethodAccessorImpl.invoke(NativeMethodAccessorImpl.java:62)
	at sun.reflect.DelegatingMethodAccessorImpl.invoke(DelegatingMethodAccessorImpl.java:43)
	at java.lang.reflect.Method.invoke(Method.java:497)
	at org.testng.internal.MethodInvocationHelper.invokeMethod(MethodInvocationHelper.java:85)
	at org.testng.internal.Invoker.invokeMethod(Invoker.java:659)
	at org.testng.internal.Invoker.invokeTestMethod(Invoker.java:845)
	at org.testng.internal.Invoker.invokeTestMethods(Invoker.java:1153)
	at org.testng.internal.TestMethodWorker.invokeTestMethods(TestMethodWorker.java:125)
	at org.testng.internal.TestMethodWorker.run(TestMethodWorker.java:108)
	at org.testng.TestRunner.privateRun(TestRunner.java:771)
	at org.testng.TestRunner.run(TestRunner.java:621)
	at org.testng.SuiteRunner.runTest(SuiteRunner.java:357)
	at org.testng.SuiteRunner.runSequentially(SuiteRunner.java:352)
	at org.testng.SuiteRunner.privateRun(SuiteRunner.java:310)
	at org.testng.SuiteRunner.run(SuiteRunner.java:259)
	at org.testng.SuiteRunnerWorker.runSuite(SuiteRunnerWorker.java:52)
	at org.testng.SuiteRunnerWorker.run(SuiteRunnerWorker.java:86)
	at org.testng.TestNG.runSuitesSequentially(TestNG.java:1199)
	at org.testng.TestNG.runSuitesLocally(TestNG.java:1124)
	at org.testng.TestNG.run(TestNG.java:1032)
	at org.apache.maven.surefire.testng.TestNGExecutor.run(TestNGExecutor.java:73)
	at org.apache.maven.surefire.testng.TestNGXmlTestSuite.execute(TestNGXmlTestSuite.java:94)
	at org.apache.maven.surefire.Surefire.run(Surefire.java:169)
	at sun.reflect.NativeMethodAccessorImpl.invoke0(Native Method)
	at sun.reflect.NativeMethodAccessorImpl.invoke(NativeMethodAccessorImpl.java:62)
	at sun.reflect.DelegatingMethodAccessorImpl.invoke(DelegatingMethodAccessorImpl.java:43)
	at java.lang.reflect.Method.invoke(Method.java:497)
	at org.apache.maven.surefire.booter.SurefireBooter.runSuitesInProcess(SurefireBooter.java:350)
	at org.apache.maven.surefire.booter.SurefireBooter.main(SurefireBooter.java:1021)
</system-err>
  </testcase>
  <testcase classname="ANDROID_ARMS.ANDROID_ARMS.FeedAdVAlidationonUI" name="End_Test" time="0.025">
    <failure message="The following asserts failed:
feed4 ad not present" type="java.lang.AssertionError">java.lang.AssertionError: The following asserts failed:
feed4 ad not present
	at org.testng.asserts.SoftAssert.assertAll(SoftAssert.java:38)
	at ANDROID_ARMS.ANDROID_ARMS.FeedAdVAlidationonUI.End_Test(FeedAdVAlidationonUI.java:193)
</failure>
  </testcase>
</testsuite>