<?xml version="1.0" encoding="UTF-8"?>
<!-- Generated by org.testng.reporters.JUnitReportReporter -->
<testsuite hostname="Macminis-Mac-mini.local" name="ANDROID_ARMS.ANDROID_ARMS.FeedAdVAlidationonUI" tests="7" failures="0" timestamp="9 Jan 2018 08:21:39 GMT" time="301.992" errors="0">
  <testcase name="Extended_Maps_Radar_page_Ad" time="26.245" classname="ANDROID_ARMS.ANDROID_ARMS.FeedAdVAlidationonUI"/>
  <testcase name="Extended_hourly_page_Ad" time="168.949" classname="ANDROID_ARMS.ANDROID_ARMS.FeedAdVAlidationonUI"/>
  <testcase name="Extended_Daily_page_Ad" time="19.739" classname="ANDROID_ARMS.ANDROID_ARMS.FeedAdVAlidationonUI"/>
  <testcase name="Validating_feed3" time="18.354" classname="ANDROID_ARMS.ANDROID_ARMS.FeedAdVAlidationonUI"/>
  <testcase name="Validating_feed1" time="33.597" classname="ANDROID_ARMS.ANDROID_ARMS.FeedAdVAlidationonUI"/>
  <testcase name="Validating_feed2" time="22.879" classname="ANDROID_ARMS.ANDROID_ARMS.FeedAdVAlidationonUI"/>
  <testcase name="Validating_feed4" time="12.229" classname="ANDROID_ARMS.ANDROID_ARMS.FeedAdVAlidationonUI"/>
</testsuite> <!-- ANDROID_ARMS.ANDROID_ARMS.FeedAdVAlidationonUI -->
